<?xml version="1.0" encoding="UTF-8" ?>
<testsuites>
<testsuite name="Configuration library test: setting/getting sensible data lists information" errors="0" tests="1" failures="0" time="0" timestamp="2014-05-21T15:29:40">
  <testcase classname="Configuration library test: setting/getting sensible data lists information" name="After setting sensible data lists info, getting sensible data lists should match with the setted information" time="0"></testcase>
</testsuite>
</testsuites>