<?xml version="1.0" encoding="UTF-8" ?>
<testsuites>
<testsuite name="Configuration library test: setting/getting dynamics information" errors="0" tests="1" failures="0" time="0" timestamp="2014-05-19T23:39:31">
  <testcase classname="Configuration library test: setting/getting dynamics information" name="After setting dynamics information, getting dynamicsshould match with the setted information" time="0"></testcase>
</testsuite>
</testsuites>