<?xml version="1.0" encoding="UTF-8" ?>
<testsuites>
<testsuite name="Routes service/synopticsData should return a JSON with synoptics information." errors="0" tests="1" failures="0" time="0.031" timestamp="2014-05-21T15:29:40">
  <testcase classname="Routes service/synopticsData should return a JSON with synoptics information." name="respond with json" time="0.03"></testcase>
</testsuite>
</testsuites>