<?xml version="1.0" encoding="UTF-8" ?>
<testsuites>
<testsuite name="Configuration library test: setting/getting synoptics information." errors="0" tests="1" failures="0" time="0.006" timestamp="2014-05-21T15:29:40">
  <testcase classname="Configuration library test: setting/getting synoptics information." name="After setting synoptics info, getting sytnoptics should match with the setted information" time="0.004"></testcase>
</testsuite>
</testsuites>