<?xml version="1.0" encoding="UTF-8" ?>
<testsuites>
<testsuite name="configuration test getting sensible data lists information" errors="0" tests="1" failures="0" time="0.001" timestamp="2014-05-18T23:43:46">
  <testcase classname="configuration test getting sensible data lists information" name="should return sensible data lists information not empty" time="0"></testcase>
</testsuite>
</testsuites>