<?xml version="1.0" encoding="UTF-8" ?>
<testsuites>
<testsuite name="Routes service/dynamicsData should return a JSON with dynamics information." errors="0" tests="1" failures="0" time="0.014" timestamp="2014-05-21T15:29:40">
  <testcase classname="Routes service/dynamicsData should return a JSON with dynamics information." name="respond with json" time="0.014"></testcase>
</testsuite>
</testsuites>