<?xml version="1.0" encoding="UTF-8" ?>
<testsuites>
<testsuite name="configuration test getting dynamics information " errors="0" tests="1" failures="1" time="0.004" timestamp="2014-05-19T16:24:40">
  <testcase classname="configuration test getting dynamics information " name="should return dynamics information not empty" time="0.004"><failure type="expect" message="TypeError: Object #&amp;lt;Object&amp;gt; has no method &amp;apos;dynamicsInformation&amp;apos;">TypeError: Object #&amp;lt;Object&amp;gt; has no method &amp;apos;dynamicsInformation&amp;apos;
    at null.&amp;lt;anonymous&amp;gt; (/Users/daniboomerang/Work/Apps/Projects/synoptics-monitor/monitor-demo-REST-API-nodejs/test/unit/server/lib/configurationSpec.js:104:37)
    at jasmine.Block.execute (/Users/daniboomerang/Work/Apps/Projects/synoptics-monitor/monitor-demo-REST-API-nodejs/node_modules/jasmine-node/lib/jasmine-node/jasmine-1.3.1.js:1145:17)
    at jasmine.Queue.next_ (/Users/daniboomerang/Work/Apps/Projects/synoptics-monitor/monitor-demo-REST-API-nodejs/node_modules/jasmine-node/lib/jasmine-node/jasmine-1.3.1.js:2177:31)
    at jasmine.Queue.start (/Users/daniboomerang/Work/Apps/Projects/synoptics-monitor/monitor-demo-REST-API-nodejs/node_modules/jasmine-node/lib/jasmine-node/jasmine-1.3.1.js:2130:8)
    at jasmine.Spec.execute (/Users/daniboomerang/Work/Apps/Projects/synoptics-monitor/monitor-demo-REST-API-nodejs/node_modules/jasmine-node/lib/jasmine-node/jasmine-1.3.1.js:2458:14)
    at jasmine.Queue.next_ (/Users/daniboomerang/Work/Apps/Projects/synoptics-monitor/monitor-demo-REST-API-nodejs/node_modules/jasmine-node/lib/jasmine-node/jasmine-1.3.1.js:2177:31)
    at jasmine.Queue.start (/Users/daniboomerang/Work/Apps/Projects/synoptics-monitor/monitor-demo-REST-API-nodejs/node_modules/jasmine-node/lib/jasmine-node/jasmine-1.3.1.js:2130:8)
    at jasmine.Suite.execute (/Users/daniboomerang/Work/Apps/Projects/synoptics-monitor/monitor-demo-REST-API-nodejs/node_modules/jasmine-node/lib/jasmine-node/jasmine-1.3.1.js:2604:14)
    at jasmine.Queue.next_ (/Users/daniboomerang/Work/Apps/Projects/synoptics-monitor/monitor-demo-REST-API-nodejs/node_modules/jasmine-node/lib/jasmine-node/jasmine-1.3.1.js:2177:31)
    at onComplete (/Users/daniboomerang/Work/Apps/Projects/synoptics-monitor/monitor-demo-REST-API-nodejs/node_modules/jasmine-node/lib/jasmine-node/jasmine-1.3.1.js:2173:18)</failure></testcase>
</testsuite>
</testsuites>