<?xml version="1.0" encoding="UTF-8" ?>
<testsuites>
<testsuite name="Configuration library test: setting/getting sensible data lists information" errors="0" tests="1" failures="1" time="0.005" timestamp="2014-05-19T19:01:09">
  <testcase classname="Configuration library test: setting/getting sensible data lists information" name="After setting sensible data lists info, getting sensible data lists should match with the setted information" time="0.001"><failure type="expect" message="Expected false to be true.">Error: Expected false to be true.
    at new jasmine.ExpectationResult (/Users/daniboomerang/Work/Apps/Projects/synoptics-monitor/monitor-demo-REST-API-nodejs/node_modules/jasmine-node/lib/jasmine-node/jasmine-1.3.1.js:114:32)
    at null.toBe (/Users/daniboomerang/Work/Apps/Projects/synoptics-monitor/monitor-demo-REST-API-nodejs/node_modules/jasmine-node/lib/jasmine-node/jasmine-1.3.1.js:1316:29)
    at null.&amp;lt;anonymous&amp;gt; (/Users/daniboomerang/Work/Apps/Projects/synoptics-monitor/monitor-demo-REST-API-nodejs/test/unit/server/lib/configurationSpec.js:98:90)
    at jasmine.Block.execute (/Users/daniboomerang/Work/Apps/Projects/synoptics-monitor/monitor-demo-REST-API-nodejs/node_modules/jasmine-node/lib/jasmine-node/jasmine-1.3.1.js:1145:17)
    at jasmine.Queue.next_ (/Users/daniboomerang/Work/Apps/Projects/synoptics-monitor/monitor-demo-REST-API-nodejs/node_modules/jasmine-node/lib/jasmine-node/jasmine-1.3.1.js:2177:31)
    at jasmine.Queue.start (/Users/daniboomerang/Work/Apps/Projects/synoptics-monitor/monitor-demo-REST-API-nodejs/node_modules/jasmine-node/lib/jasmine-node/jasmine-1.3.1.js:2130:8)
    at jasmine.Spec.execute (/Users/daniboomerang/Work/Apps/Projects/synoptics-monitor/monitor-demo-REST-API-nodejs/node_modules/jasmine-node/lib/jasmine-node/jasmine-1.3.1.js:2458:14)
    at jasmine.Queue.next_ (/Users/daniboomerang/Work/Apps/Projects/synoptics-monitor/monitor-demo-REST-API-nodejs/node_modules/jasmine-node/lib/jasmine-node/jasmine-1.3.1.js:2177:31)
    at jasmine.Queue.start (/Users/daniboomerang/Work/Apps/Projects/synoptics-monitor/monitor-demo-REST-API-nodejs/node_modules/jasmine-node/lib/jasmine-node/jasmine-1.3.1.js:2130:8)
    at jasmine.Suite.execute (/Users/daniboomerang/Work/Apps/Projects/synoptics-monitor/monitor-demo-REST-API-nodejs/node_modules/jasmine-node/lib/jasmine-node/jasmine-1.3.1.js:2604:14)</failure></testcase>
</testsuite>
</testsuites>